\BOOKMARK [1][-]{section.1}{\376\377\117\040\144\255\133\146\166\204\133\371\214\141\124\214\127\372\147\054\225\356\230\230}{}% 1
\BOOKMARK [1][-]{section.2}{\376\377\116\272\174\173\117\040\144\255\166\204\123\206\123\362\116\016\123\321\134\125}{}% 2
\BOOKMARK [1][-]{section.3}{\376\377\116\272\174\173\117\040\144\255\166\204\217\307\172\013\116\016\174\373\176\337\176\323\147\204}{}% 3
\BOOKMARK [2][-]{subsection.3.1}{\376\377\166\364\176\277\152\041\137\017}{section.3}% 4
\BOOKMARK [2][-]{subsection.3.2}{\376\377\137\252\163\257\152\041\137\017\124\214\116\222\122\250\152\041\137\017}{section.3}% 5
\BOOKMARK [2][-]{subsection.3.3}{\376\377\171\076\117\032\117\040\144\255\166\204\174\373\176\337\176\323\147\204}{section.3}% 6
\BOOKMARK [1][-]{section.4}{\376\377\116\272\121\205\117\040\144\255\116\016\116\272\226\105\117\040\144\255}{}% 7
\BOOKMARK [2][-]{subsection.4.1}{\376\377\116\272\121\205\117\040\144\255}{section.4}% 8
\BOOKMARK [2][-]{subsection.4.2}{\376\377\116\272\226\105\117\040\144\255}{section.4}% 9
\BOOKMARK [1][-]{section.5}{\376\377\177\244\117\123\117\040\144\255\060\001\226\306\124\010\210\114\116\072\060\001\176\304\176\307\117\040\144\255\060\001\131\047\117\027\117\040\144\255}{}% 10
\BOOKMARK [2][-]{subsection.5.1}{\376\377\177\244\117\123\117\040\144\255}{section.5}% 11
\BOOKMARK [2][-]{subsection.5.2}{\376\377\226\306\124\010\210\114\116\072}{section.5}% 12
\BOOKMARK [2][-]{subsection.5.3}{\376\377\176\304\176\307\117\040\144\255}{section.5}% 13
\BOOKMARK [2][-]{subsection.5.4}{\376\377\131\047\117\027\117\040\144\255}{section.5}% 14
\BOOKMARK [3][-]{subsubsection.5.4.1}{\376\377\131\047\117\027\117\040\144\255\166\204\133\232\116\111\060\001\162\171\160\271\116\016\171\076\117\032\122\237\200\375}{subsection.5.4}% 15
\BOOKMARK [3][-]{subsubsection.5.4.2}{\376\377\131\047\117\027\117\040\144\255\166\204\116\247\165\037\116\016\123\321\134\125\217\307\172\013}{subsection.5.4}% 16
\BOOKMARK [3][-]{subsubsection.5.4.3}{\376\377\131\047\117\027\117\040\144\255\166\204\171\076\117\032\137\161\124\315}{subsection.5.4}% 17
\BOOKMARK [1][-]{section.6}{\376\377\132\222\116\313\142\200\147\057\116\016\132\222\116\313\176\304\176\307}{}% 18
\BOOKMARK [1][-]{section.7}{\376\377\117\040\144\255\122\066\136\246\116\016\132\222\116\313\211\304\203\003\164\006\213\272}{}% 19
\BOOKMARK [1][-]{section.8}{\376\377\171\076\117\032\217\154\127\213\116\016\123\327\117\027\123\330\217\301}{}% 20
\BOOKMARK [2][-]{subsection.8.1}{\376\377\122\006\117\027\164\006\213\272}{section.8}% 21
\BOOKMARK [1][-]{section.9}{\376\377\117\040\144\255\145\110\147\234\170\024\172\166}{}% 22
\BOOKMARK [2][-]{subsection.9.1}{\376\377\117\040\144\255\145\110\147\234\137\161\124\315\126\340\175\040}{section.9}% 23
\BOOKMARK [1][-]{section.10}{\376\377\121\340\171\315\116\073\211\201\166\204\131\047\117\027\117\040\144\255\145\110\147\234\164\006\213\272}{}% 24
\BOOKMARK [2][-]{subsection.10.1}{\376\377\213\256\172\013\213\276\177\156\122\237\200\375}{section.10}% 25
\BOOKMARK [2][-]{subsection.10.2}{\376\377\154\211\236\330\166\204\207\272\145\313}{section.10}% 26
\BOOKMARK [2][-]{subsection.10.3}{\376\377\127\371\121\173\164\006\213\272}{section.10}% 27
\BOOKMARK [2][-]{subsection.10.4}{\376\377\136\372\147\204}{section.10}% 28
\BOOKMARK [2][-]{subsection.10.5}{\376\377\167\345\154\237\122\060\145\160\133\127\236\077\154\237}{section.10}% 29
\BOOKMARK [2][-]{subsection.10.6}{\376\377\173\054\116\011\116\272\145\110\147\234}{section.10}% 30
\BOOKMARK [1][-]{section.11}{\376\377\117\040\144\255\133\146\170\024\172\166\123\362\124\214\116\073\211\201\133\146\155\076}{}% 31
\BOOKMARK [1][-]{section.12}{\376\377\221\315\211\201\166\204\133\236\232\214\124\214\164\006\213\272}{}% 32
\BOOKMARK [2][-]{subsection.12.1}{\376\377\133\236\232\214}{section.12}% 33
\BOOKMARK [2][-]{subsection.12.2}{\376\377\164\006\213\272}{section.12}% 34
